<?xml version="1.0" encoding="UTF-8"?>
<testng-results ignored="0" total="1" passed="1" failed="0" skipped="0">
  <reporter-output>
  </reporter-output>
  <suite started-at="2025-09-10T08:00:03 IST" name="Default suite" finished-at="2025-09-10T08:00:40 IST" duration-ms="36855">
    <groups>
      <group name="cucumber">
        <method signature="AbstractTestNGCucumberTests.runScenario(io.cucumber.testng.PickleWrapper,io.cucumber.testng.FeatureWrapper)[pri:0, instance:runner.TestRunner_AC_Service@2d2ffcb7]" name="runScenario" class="io.cucumber.testng.AbstractTestNGCucumberTests"/>
      </group> <!-- cucumber -->
    </groups>
    <test started-at="2025-09-10T08:00:03 IST" name="Default test" finished-at="2025-09-10T08:00:40 IST" duration-ms="36855">
      <class name="runner.TestRunner_AC_Service">
        <test-method is-config="true" signature="setUpClass(org.testng.ITestContext)[pri:0, instance:runner.TestRunner_AC_Service@2d2ffcb7]" started-at="2025-09-10T08:00:03 IST" name="setUpClass" finished-at="2025-09-10T08:00:05 IST" duration-ms="2040" status="PASS">
          <params>
            <param index="0">
              <value>
                <![CDATA[org.testng.TestRunner@2dbfcf7]]>
              </value>
            </param>
          </params>
          <reporter-output>
          </reporter-output>
        </test-method> <!-- setUpClass -->
        <test-method signature="runScenario(io.cucumber.testng.PickleWrapper,io.cucumber.testng.FeatureWrapper)[pri:0, instance:runner.TestRunner_AC_Service@2d2ffcb7]" started-at="2025-09-10T08:00:05 IST" name="runScenario" description="Runs Cucumber Scenarios" data-provider="scenarios" finished-at="2025-09-10T08:00:39 IST" duration-ms="33679" status="PASS">
          <params>
            <param index="0">
              <value>
                <![CDATA["User logs in and views AC services"]]>
              </value>
            </param>
            <param index="1">
              <value>
                <![CDATA["Access AC Services"]]>
              </value>
            </param>
          </params>
          <reporter-output>
          </reporter-output>
        </test-method> <!-- runScenario -->
        <test-method is-config="true" signature="tearDownClass()[pri:0, instance:runner.TestRunner_AC_Service@2d2ffcb7]" started-at="2025-09-10T08:00:39 IST" name="tearDownClass" finished-at="2025-09-10T08:00:40 IST" duration-ms="1027" status="PASS">
          <reporter-output>
          </reporter-output>
        </test-method> <!-- tearDownClass -->
      </class> <!-- runner.TestRunner_AC_Service -->
    </test> <!-- Default test -->
  </suite> <!-- Default suite -->
</testng-results>
